Removed Pin From Net: NetName=GND Pin=C1-2
Removed Pin From Net: NetName=GND Pin=C2-1
Removed Pin From Net: NetName=GND Pin=C15-2
Removed Pin From Net: NetName=GND Pin=C18-2
Removed Pin From Net: NetName=GND Pin=C19-1
Removed Pin From Net: NetName=GND Pin=C20-1
Removed Pin From Net: NetName=GND Pin=C21-1
Removed Pin From Net: NetName=GND Pin=C24-2
Removed Pin From Net: NetName=GND Pin=C25-2
Removed Pin From Net: NetName=GND Pin=D1-1
Removed Pin From Net: NetName=GND Pin=J1-1
Removed Pin From Net: NetName=GND Pin=J2-1
Removed Pin From Net: NetName=GND Pin=J3-1
Removed Pin From Net: NetName=GND Pin=J4-1
Removed Pin From Net: NetName=GND Pin=J5-5
Removed Pin From Net: NetName=GND Pin=J5-S1
Removed Pin From Net: NetName=GND Pin=J5-S2
Removed Pin From Net: NetName=GND Pin=J5-S3
Removed Pin From Net: NetName=GND Pin=J5-S4
Removed Pin From Net: NetName=GND Pin=J5-S5
Removed Pin From Net: NetName=GND Pin=J5-S6
Removed Pin From Net: NetName=GND Pin=J6-03
Removed Pin From Net: NetName=GND Pin=J6-05
Removed Pin From Net: NetName=GND Pin=J6-09
Removed Pin From Net: NetName=GND Pin=M1-2
Removed Pin From Net: NetName=GND Pin=M1-8
Removed Pin From Net: NetName=GND Pin=M2-2
Removed Pin From Net: NetName=GND Pin=M2-8
Removed Pin From Net: NetName=GND Pin=NPC164-2
Removed Pin From Net: NetName=GND Pin=R1-1
Removed Pin From Net: NetName=GND Pin=R3-1
Removed Pin From Net: NetName=GND Pin=R6-1
Removed Pin From Net: NetName=GND Pin=U6-2
Removed Pin From Net: NetName=GND Pin=U-14
Removed Pin From Net: NetName=GND Pin=U-16
Removed Pin From Net: NetName=GND Pin=U-32
Add Pin To Net: Unknown Pin: Pin Battery 16V-1
Add Pin To Net: Unknown Pin: Pin Battery GND-1
Add Pin To Net: Unknown Pin: Pin M1_OUT1-1
Add Pin To Net: Unknown Pin: Pin M1_OUT2-1
Add Pin To Net: Unknown Pin: Pin M2_OUT1-1
Add Pin To Net: Unknown Pin: Pin M2_OUT2-1
Add Pin To Net: Unknown Pin: Pin M3_OUT1-1
Add Pin To Net: Unknown Pin: Pin M3_OUT2-1
Add Pin To Net: Unknown Pin: Pin THROWER 16V-1
Add Pin To Net: Unknown Pin: Pin THROWER GND-1
Change Net Name : Old Net Name=GND New Net Name=GND PWR
Added Pin To Net: NetName=GND Pin=C1-2
Added Pin To Net: NetName=GND Pin=C2-1
Added Pin To Net: NetName=GND Pin=C15-2
Added Pin To Net: NetName=GND Pin=C18-2
Added Pin To Net: NetName=GND Pin=C19-1
Added Pin To Net: NetName=GND Pin=C20-1
Added Pin To Net: NetName=GND Pin=C21-1
Added Pin To Net: NetName=GND Pin=C24-2
Added Pin To Net: NetName=GND Pin=C25-2
Added Pin To Net: NetName=GND Pin=D1-1
Added Pin To Net: NetName=GND Pin=J1-1
Added Pin To Net: NetName=GND Pin=J2-1
Added Pin To Net: NetName=GND Pin=J3-1
Added Pin To Net: NetName=GND Pin=J4-1
Added Pin To Net: NetName=GND Pin=J5-5
Added Pin To Net: NetName=GND Pin=J5-S1
Added Pin To Net: NetName=GND Pin=J5-S2
Added Pin To Net: NetName=GND Pin=J5-S3
Added Pin To Net: NetName=GND Pin=J5-S4
Added Pin To Net: NetName=GND Pin=J5-S5
Added Pin To Net: NetName=GND Pin=J5-S6
Added Pin To Net: NetName=GND Pin=J6-03
Added Pin To Net: NetName=GND Pin=J6-05
Added Pin To Net: NetName=GND Pin=J6-09
Added Pin To Net: NetName=GND Pin=M1-2
Added Pin To Net: NetName=GND Pin=M1-8
Added Pin To Net: NetName=GND Pin=M2-2
Added Pin To Net: NetName=GND Pin=M2-8
Added Pin To Net: NetName=GND Pin=NPC164-2
Added Pin To Net: NetName=GND Pin=R1-1
Added Pin To Net: NetName=GND Pin=R3-1
Added Pin To Net: NetName=GND Pin=R6-1
Added Pin To Net: NetName=GND Pin=U-14
Added Pin To Net: NetName=GND Pin=U-16
Added Pin To Net: NetName=GND Pin=U-32
Added Pin To Net: NetName=GND Pin=U6-2
Added Net: Name=GND
Add Class Member: Failed to add class member : Component Battery 16V soldering pad
Add Class Member: Failed to add class member : Component Battery GND soldering pad
Add Class Member: Failed to add class member : Component M1_OUT1 soldering pad
Add Class Member: Failed to add class member : Component M1_OUT2 soldering pad
Add Class Member: Failed to add class member : Component M2_OUT1 soldering pad
Add Class Member: Failed to add class member : Component M2_OUT2 soldering pad
Add Class Member: Failed to add class member : Component M3_OUT1 soldering pad
Add Class Member: Failed to add class member : Component M3_OUT2 soldering pad
Add Class Member: Failed to add class member : Component THROWER 16V soldering pad
Add Class Member: Failed to add class member : Component THROWER GND soldering pad
