Remove Pin=J1-3 From Net=M1_ENCODER_CH1
Remove Pin=J1-4 From Net=M1_ENCODER_CH2
Remove Pin=J2-3 From Net=M2_ENCODER_CH1
Remove Pin=J2-4 From Net=M2_ENCODER_CH2
Remove Pin=J3-3 From Net=M3_ENCODER_CH1
Remove Pin=J3-4 From Net=M3_ENCODER_CH2
Remove Pin=J5-2 From Net=USB_D_M
Remove Pin=J5-3 From Net=USB_D_P
Remove Pin=J6-02 From Net=Programer_DI0
Remove Pin=J6-04 From Net=Programer_CLK
Remove Pin=J6-10 From Net=NRST
Remove Pin=M1-3 From Net=M1_PWM
Remove Pin=M1-4 From Net=M1_DIR
Remove Pin=M1-5 From Net=M2_PWM
Remove Pin=M1-6 From Net=M2_DIR
Remove Pin=M2-3 From Net=M3_PWM
Remove Pin=M2-4 From Net=M3_DIR
Remove Pin=M2-5 From Net=THROWER_PWM
Remove Pin=M2-6 From Net=MCU_nSLEEP_ISOL
Remove Pin=U4-4 From Net=NRST
Remove Pin=U4-5 From Net=M2_DIR
Remove Pin=U4-6 From Net=M2_PWM
Remove Pin=U4-7 From Net=M1_DIR
Remove Pin=U4-8 From Net=M1_PWM
Remove Pin=U4-9 From Net=M3_DIR
Remove Pin=U4-10 From Net=M3_PWM
Remove Pin=U4-11 From Net=MCU_nSLEEP_ISOL
Remove Pin=U4-12 From Net=THROWER_PWM
Remove Pin=U4-18 From Net=M1_ENCODER_CH1
Remove Pin=U4-19 From Net=M1_ENCODER_CH2
Remove Pin=U4-21 From Net=USB_D_M
Remove Pin=U4-22 From Net=USB_D_P
Remove Pin=U4-23 From Net=Programer_DI0
Remove Pin=U4-24 From Net=Programer_CLK
Remove Pin=U4-27 From Net=M2_ENCODER_CH1
Remove Pin=U4-28 From Net=M2_ENCODER_CH2
Remove Pin=U4-29 From Net=M3_ENCODER_CH1
Remove Pin=U4-30 From Net=M3_ENCODER_CH2
Change Pin Designator/Name:  Old Designator=*-1 Old Name=G New Designator =IN New Name=1
Change Pin Designator/Name:  Old Designator=*-1 Old Name=IN New Designator =IN New Name=1
Change Pin Designator/Name:  Old Designator=*-2 Old Name=D_1 New Designator =GND New Name=2
Change Pin Designator/Name:  Old Designator=*-2 Old Name=GND New Designator =GND New Name=2
Change Pin Designator/Name:  Old Designator=*-3 Old Name=D_2 New Designator =EN New Name=3
Change Pin Designator/Name:  Old Designator=*-4 Old Name=S_1 New Designator =OUT New Name=4
Change Pin Designator/Name:  Old Designator=*-5 Old Name=S_2 New Designator =NC/PG/ADJ New Name=5
Change Pin Designator/Name:  Old Designator=*-5 Old Name=NC/PG/ADJ New Designator =NC/PG/ADJ New Name=5
