Removed Pin From Net: NetName=BATTERY  GND Pin=*-2
Removed Pin From Net: NetName=M1_ENCODER_CH1 Pin=J1-3
Removed Pin From Net: NetName=M1_ENCODER_CH2 Pin=J1-4
Removed Pin From Net: NetName=M2_ENCODER_CH1 Pin=J2-3
Removed Pin From Net: NetName=M2_ENCODER_CH2 Pin=J2-4
Removed Pin From Net: NetName=M3_ENCODER_CH1 Pin=J3-3
Removed Pin From Net: NetName=M3_ENCODER_CH2 Pin=J3-4
Removed Pin From Net: NetName=THROWER_PWM_OUT Pin=J4-2
Removed Pin From Net: NetName=USB_D_M Pin=J5-2
Removed Pin From Net: NetName=USB_D_P Pin=J5-3
Removed Pin From Net: NetName=Programer_DI0 Pin=J6-02
Removed Pin From Net: NetName=Programer_CLK Pin=J6-04
Removed Pin From Net: NetName=NRST Pin=J6-10
Removed Pin From Net: NetName=M1_PWM Pin=M1-3
Removed Pin From Net: NetName=M1_DIR Pin=M1-4
Removed Pin From Net: NetName=M2_PWM Pin=M1-5
Removed Pin From Net: NetName=M2_DIR Pin=M1-6
Removed Pin From Net: NetName=M1_PWM_Driver Pin=M1-11
Removed Pin From Net: NetName=M1_DIR_Driver Pin=M1-12
Removed Pin From Net: NetName=M2_PWM_Driver Pin=M1-13
Removed Pin From Net: NetName=M2_DIR_Driver Pin=M1-14
Removed Pin From Net: NetName=M3_PWM Pin=M2-3
Removed Pin From Net: NetName=M3_DIR Pin=M2-4
Removed Pin From Net: NetName=THROWER_PWM Pin=M2-5
Removed Pin From Net: NetName=MCU_nSLEEP_ISOL Pin=M2-6
Removed Pin From Net: NetName=M3_PWM_Driver Pin=M2-11
Removed Pin From Net: NetName=M3_DIR_Driver Pin=M2-12
Removed Pin From Net: NetName=THROWER_PWM_OUT Pin=M2-13
Removed Pin From Net: NetName=nSLEEP_Driver Pin=M2-14
Removed Pin From Net: NetName=IPROPI_M1 Pin=U1-2
Removed Pin From Net: NetName=NetR2_2 Pin=U1-3
Removed Pin From Net: NetName=NetR1_2 Pin=U1-8
Removed Pin From Net: NetName=M1_PWM_Driver Pin=U1-9
Removed Pin From Net: NetName=M1_DIR_Driver Pin=U1-10
Removed Pin From Net: NetName=SR_M1 Pin=U1-12
Removed Pin From Net: NetName=IPROPI_M2 Pin=U2-2
Removed Pin From Net: NetName=NetR4_2 Pin=U2-3
Removed Pin From Net: NetName=NetR3_2 Pin=U2-8
Removed Pin From Net: NetName=SR_M2 Pin=U2-12
Removed Pin From Net: NetName=IPROPI_M3 Pin=U3-2
Removed Pin From Net: NetName=NetR5_2 Pin=U3-8
Removed Pin From Net: NetName=M3_PWM_Driver Pin=U3-9
Removed Pin From Net: NetName=M3_DIR_Driver Pin=U3-10
Removed Pin From Net: NetName=SR_M3 Pin=U3-12
Added Component: Designator=*(TSOP95P280X110-6N)
Add Component: Footprint Not Found TQFP80P890X890X160-32N
Add Component: Footprint Not Found TQFP80P890X890X160-32N
Added Pin To Net: NetName=+16V Pin=*-1
Added Pin To Net: NetName=BATTERY  GND Pin=*-1
Added Pin To Net: NetName=BATTERY  GND Pin=*-2
Added Pin To Net: NetName=+16V Pin=*-4
Added Pin To Net: NetName=+5V Pin=*-5
Added Pin To Net: NetName=+16V Pin=*-5
Added Pin To Net: NetName=+16V Pin=*-6
Add Pin To Net: Unknown Pin: Pin C1-1
Add Pin To Net: Unknown Pin: Pin C1-1
Add Pin To Net: Unknown Pin: Pin C1-2
Add Pin To Net: Unknown Pin: Pin C1-2
Add Pin To Net: Unknown Pin: Pin C2-1
Add Pin To Net: Unknown Pin: Pin C2-1
Add Pin To Net: Unknown Pin: Pin C2-2
Add Pin To Net: Unknown Pin: Pin C2-2
Add Pin To Net: Unknown Pin: Pin C3-1
Add Pin To Net: Unknown Pin: Pin C3-1
Add Pin To Net: Unknown Pin: Pin C3-2
Add Pin To Net: Unknown Pin: Pin C3-2
Add Pin To Net: Unknown Pin: Pin C4-1
Add Pin To Net: Unknown Pin: Pin C4-1
Add Pin To Net: Unknown Pin: Pin C4-2
Add Pin To Net: Unknown Pin: Pin C4-2
Add Pin To Net: Unknown Pin: Pin C5-1
Add Pin To Net: Unknown Pin: Pin C5-1
Add Pin To Net: Unknown Pin: Pin C5-2
Add Pin To Net: Unknown Pin: Pin C5-2
Add Pin To Net: Unknown Pin: Pin C6-1
Add Pin To Net: Unknown Pin: Pin C6-1
Add Pin To Net: Unknown Pin: Pin C6-2
Add Pin To Net: Unknown Pin: Pin C6-2
Add Pin To Net: Unknown Pin: Pin C7-1
Add Pin To Net: Unknown Pin: Pin C7-1
Add Pin To Net: Unknown Pin: Pin C7-2
Add Pin To Net: Unknown Pin: Pin C7-2
Add Pin To Net: Unknown Pin: Pin C8-1
Add Pin To Net: Unknown Pin: Pin C8-1
Add Pin To Net: Unknown Pin: Pin C8-2
Add Pin To Net: Unknown Pin: Pin C8-2
Add Pin To Net: Unknown Pin: Pin C9-1
Add Pin To Net: Unknown Pin: Pin C9-1
Add Pin To Net: Unknown Pin: Pin C9-2
Add Pin To Net: Unknown Pin: Pin C9-2
Add Pin To Net: Unknown Pin: Pin C10-1
Add Pin To Net: Unknown Pin: Pin C10-1
Add Pin To Net: Unknown Pin: Pin C10-2
Add Pin To Net: Unknown Pin: Pin C10-2
Add Pin To Net: Unknown Pin: Pin C11-1
Add Pin To Net: Unknown Pin: Pin C11-1
Add Pin To Net: Unknown Pin: Pin C11-2
Add Pin To Net: Unknown Pin: Pin C11-2
Add Pin To Net: Unknown Pin: Pin C12-1
Add Pin To Net: Unknown Pin: Pin C12-1
Add Pin To Net: Unknown Pin: Pin C12-2
Add Pin To Net: Unknown Pin: Pin C12-2
Add Pin To Net: Unknown Pin: Pin C13-1
Add Pin To Net: Unknown Pin: Pin C13-1
Add Pin To Net: Unknown Pin: Pin C13-2
Add Pin To Net: Unknown Pin: Pin C13-2
Add Pin To Net: Unknown Pin: Pin C14-1
Add Pin To Net: Unknown Pin: Pin C14-1
Add Pin To Net: Unknown Pin: Pin C14-2
Add Pin To Net: Unknown Pin: Pin C14-2
Add Pin To Net: Unknown Pin: Pin C15-1
Add Pin To Net: Unknown Pin: Pin C15-1
Add Pin To Net: Unknown Pin: Pin C15-2
Add Pin To Net: Unknown Pin: Pin C15-2
Add Pin To Net: Unknown Pin: Pin C16-1
Add Pin To Net: Unknown Pin: Pin C16-1
Add Pin To Net: Unknown Pin: Pin C16-2
Add Pin To Net: Unknown Pin: Pin C16-2
Add Pin To Net: Unknown Pin: Pin C17-1
Add Pin To Net: Unknown Pin: Pin C17-1
Add Pin To Net: Unknown Pin: Pin C17-2
Add Pin To Net: Unknown Pin: Pin C17-2
Add Pin To Net: Unknown Pin: Pin C18-1
Add Pin To Net: Unknown Pin: Pin C18-1
Add Pin To Net: Unknown Pin: Pin C18-2
Add Pin To Net: Unknown Pin: Pin C18-2
Add Pin To Net: Unknown Pin: Pin C19-1
Add Pin To Net: Unknown Pin: Pin C19-1
Add Pin To Net: Unknown Pin: Pin C19-2
Add Pin To Net: Unknown Pin: Pin C19-2
Add Pin To Net: Unknown Pin: Pin C20-1
Add Pin To Net: Unknown Pin: Pin C20-1
Add Pin To Net: Unknown Pin: Pin C20-2
Add Pin To Net: Unknown Pin: Pin C20-2
Add Pin To Net: Unknown Pin: Pin C21-1
Add Pin To Net: Unknown Pin: Pin C21-1
Add Pin To Net: Unknown Pin: Pin C21-2
Add Pin To Net: Unknown Pin: Pin C21-2
Add Pin To Net: Unknown Pin: Pin C22-1
Add Pin To Net: Unknown Pin: Pin C22-1
Add Pin To Net: Unknown Pin: Pin C22-2
Add Pin To Net: Unknown Pin: Pin C22-2
Add Pin To Net: Unknown Pin: Pin C23-1
Add Pin To Net: Unknown Pin: Pin C23-1
Add Pin To Net: Unknown Pin: Pin C23-2
Add Pin To Net: Unknown Pin: Pin C23-2
Add Pin To Net: Unknown Pin: Pin C24-1
Add Pin To Net: Unknown Pin: Pin C24-1
Add Pin To Net: Unknown Pin: Pin C24-2
Add Pin To Net: Unknown Pin: Pin C24-2
Add Pin To Net: Unknown Pin: Pin C25-1
Add Pin To Net: Unknown Pin: Pin C25-1
Add Pin To Net: Unknown Pin: Pin C25-2
Add Pin To Net: Unknown Pin: Pin C25-2
Add Pin To Net: Unknown Pin: Pin C26-1
Add Pin To Net: Unknown Pin: Pin C26-1
Add Pin To Net: Unknown Pin: Pin C26-2
Add Pin To Net: Unknown Pin: Pin C26-2
Add Pin To Net: Unknown Pin: Pin C27-1
Add Pin To Net: Unknown Pin: Pin C27-1
Add Pin To Net: Unknown Pin: Pin C27-2
Add Pin To Net: Unknown Pin: Pin C27-2
Add Pin To Net: Unknown Pin: Pin C28-1
Add Pin To Net: Unknown Pin: Pin C28-1
Add Pin To Net: Unknown Pin: Pin C28-2
Add Pin To Net: Unknown Pin: Pin D?-1
Add Pin To Net: Unknown Pin: Pin D?-2
Add Pin To Net: Unknown Pin: Pin D?-2
Add Pin To Net: Unknown Pin: Pin D?-2
Add Pin To Net: Unknown Pin: Pin D?-2
Add Pin To Net: Unknown Pin: Pin R1-1
Add Pin To Net: Unknown Pin: Pin R1-1
Add Pin To Net: Unknown Pin: Pin R1-2
Add Pin To Net: Unknown Pin: Pin R2-1
Add Pin To Net: Unknown Pin: Pin R2-1
Add Pin To Net: Unknown Pin: Pin R2-2
Add Pin To Net: Unknown Pin: Pin R3-1
Add Pin To Net: Unknown Pin: Pin R3-1
Add Pin To Net: Unknown Pin: Pin R3-2
Add Pin To Net: Unknown Pin: Pin R4-1
Add Pin To Net: Unknown Pin: Pin R4-1
Add Pin To Net: Unknown Pin: Pin R4-2
Add Pin To Net: Unknown Pin: Pin R5-1
Add Pin To Net: Unknown Pin: Pin R5-1
Add Pin To Net: Unknown Pin: Pin R5-2
Add Pin To Net: Unknown Pin: Pin R6-1
Add Pin To Net: Unknown Pin: Pin R6-1
Add Pin To Net: Unknown Pin: Pin R6-2
Add Pin To Net: Unknown Pin: Pin R7-1
Add Pin To Net: Unknown Pin: Pin R7-1
Add Pin To Net: Unknown Pin: Pin R7-2
Add Pin To Net: Unknown Pin: Pin R8-1
Add Pin To Net: Unknown Pin: Pin R8-1
Add Pin To Net: Unknown Pin: Pin R9-1
Add Pin To Net: Unknown Pin: Pin R9-2
Add Pin To Net: Unknown Pin: Pin S?-1
Add Pin To Net: Unknown Pin: Pin S?-1
Add Pin To Net: Unknown Pin: Pin S?-2
Added Pin To Net: NetName=NetR2_2 Pin=U1-3
Added Pin To Net: NetName=NetR1_2 Pin=U1-8
Added Pin To Net: NetName=NetR4_2 Pin=U2-3
Added Pin To Net: NetName=NetR3_2 Pin=U2-8
Added Pin To Net: NetName=NetR5_2 Pin=U3-8
Add Pin To Net: Unknown Pin: Pin U4-1
Add Pin To Net: Unknown Pin: Pin U4-1
Add Pin To Net: Unknown Pin: Pin U4-2
Add Pin To Net: Unknown Pin: Pin U4-4
Add Pin To Net: Unknown Pin: Pin U4-5
Add Pin To Net: Unknown Pin: Pin U4-6
Add Pin To Net: Unknown Pin: Pin U4-7
Add Pin To Net: Unknown Pin: Pin U4-8
Add Pin To Net: Unknown Pin: Pin U4-9
Add Pin To Net: Unknown Pin: Pin U4-10
Add Pin To Net: Unknown Pin: Pin U4-11
Add Pin To Net: Unknown Pin: Pin U4-12
Add Pin To Net: Unknown Pin: Pin U4-14
Add Pin To Net: Unknown Pin: Pin U4-14
Add Pin To Net: Unknown Pin: Pin U4-15
Add Pin To Net: Unknown Pin: Pin U4-15
Add Pin To Net: Unknown Pin: Pin U4-16
Add Pin To Net: Unknown Pin: Pin U4-16
Add Pin To Net: Unknown Pin: Pin U4-17
Add Pin To Net: Unknown Pin: Pin U4-17
Add Pin To Net: Unknown Pin: Pin U4-18
Add Pin To Net: Unknown Pin: Pin U4-19
Add Pin To Net: Unknown Pin: Pin U4-21
Add Pin To Net: Unknown Pin: Pin U4-22
Add Pin To Net: Unknown Pin: Pin U4-23
Add Pin To Net: Unknown Pin: Pin U4-24
Add Pin To Net: Unknown Pin: Pin U4-27
Add Pin To Net: Unknown Pin: Pin U4-28
Add Pin To Net: Unknown Pin: Pin U4-29
Add Pin To Net: Unknown Pin: Pin U4-30
Add Pin To Net: Unknown Pin: Pin U4-32
Add Pin To Net: Unknown Pin: Pin U4-32
Add Pin To Net: Unknown Pin: Pin U6-2
Add Pin To Net: Unknown Pin: Pin U6-2
Add Pin To Net: Unknown Pin: Pin U6-3
Add Pin To Net: Unknown Pin: Pin U6-4
Add Pin To Net: Unknown Pin: Pin U6-4
Add Pin To Net: Unknown Pin: Pin U6-5
Change Net Name : Old Net Name=BATTERY  GND New Net Name=GND
Change Net Name : Old Net Name=M1_OUT1 New Net Name=NetU1_7
Change Net Name : Old Net Name=M1_OUT2 New Net Name=NetU1_5
Change Net Name : Old Net Name=M2_OUT1 New Net Name=NetU2_7
Change Net Name : Old Net Name=M2_OUT2 New Net Name=NetU2_5
Change Net Name : Old Net Name=M3_OUT1 New Net Name=NetU3_7
Change Net Name : Old Net Name=M3_OUT2 New Net Name=NetU3_5
Add Net: Net with name "IPROPI_M1" already exists
Add Net: Net with name "IPROPI_M2" already exists
Add Net: Net with name "IPROPI_M3" already exists
Add Net: Net with name "M1_DIR_Driver" already exists
Add Net: Net with name "M1_DIR" already exists
Add Net: Net with name "M1_ENCODER_CH1" already exists
Add Net: Net with name "M1_ENCODER_CH2" already exists
Add Net: Net with name "M1_PWM_Driver" already exists
Add Net: Net with name "M1_PWM" already exists
Add Net: Net with name "M2_DIR_Driver" already exists
Add Net: Net with name "M2_DIR" already exists
Add Net: Net with name "M2_ENCODER_CH1" already exists
Add Net: Net with name "M2_ENCODER_CH2" already exists
Add Net: Net with name "M2_PWM_Driver" already exists
Add Net: Net with name "M2_PWM" already exists
Add Net: Net with name "M3_DIR_Driver" already exists
Add Net: Net with name "M3_DIR" already exists
Add Net: Net with name "M3_ENCODER_CH1" already exists
Add Net: Net with name "M3_ENCODER_CH2" already exists
Add Net: Net with name "M3_PWM_Driver" already exists
Add Net: Net with name "M3_PWM" already exists
Add Net: Net with name "MCU_nSLEEP_ISOL" already exists
Added Pin To Net: NetName=Net*_2 Pin=*-2
Added Pin To Net: NetName=Net*_2 Pin=*-3
Added Net: Name=Net*_2
Add Net: Net with name "NetD?_1" already exists
Add Net: Net with name "NetD?_1" already exists
Add Net: Net with name "NetD?_1" already exists
Add Net: Net with name "NetNPC164_3" already exists
Add Net: Net with name "NetR1_2" already exists
Add Net: Net with name "NetR2_2" already exists
Add Net: Net with name "NetR3_2" already exists
Add Net: Net with name "NetR4_2" already exists
Add Net: Net with name "NetR5_2" already exists
Add Net: Net with name "NetR6_2" already exists
Add Net: Net with name "NetR9_2" already exists
Add Net: Net with name "NRST" already exists
Add Net: Net with name "nSLEEP_Driver" already exists
Add Net: Net with name "Programer_CLK" already exists
Add Net: Net with name "Programer_DI0" already exists
Add Net: Net with name "SR_M1" already exists
Add Net: Net with name "SR_M2" already exists
Add Net: Net with name "SR_M3" already exists
Add Net: Net with name "THROWER_PWM_OUT" already exists
Add Net: Net with name "THROWER_PWM" already exists
Add Net: Net with name "USB_D_M" already exists
Add Net: Net with name "USB_D_P" already exists
Added Member To Class: ClassName=picr22RobodendronMainboard Member=Component * NVC8730
Added Member To Class: ClassName=pirc22MainboardRobodendron Member=Component * NVC8730
Add Class Member: Failed to add class member : Component C1 Capacitor
Add Class Member: Failed to add class member : Component C1 Capacitor
Add Class Member: Failed to add class member : Component C2 Capacitor
Add Class Member: Failed to add class member : Component C2 Capacitor
Add Class Member: Failed to add class member : Component C3 Capacitor
Add Class Member: Failed to add class member : Component C3 Capacitor
Add Class Member: Failed to add class member : Component C4 Capacitor
Add Class Member: Failed to add class member : Component C4 Capacitor
Add Class Member: Failed to add class member : Component C5 Capacitor
Add Class Member: Failed to add class member : Component C5 Capacitor
Add Class Member: Failed to add class member : Component C6 Capacitor
Add Class Member: Failed to add class member : Component C6 Capacitor
Add Class Member: Failed to add class member : Component C7 Capacitor
Add Class Member: Failed to add class member : Component C7 Capacitor
Add Class Member: Failed to add class member : Component C8 Capacitor
Add Class Member: Failed to add class member : Component C8 Capacitor
Add Class Member: Failed to add class member : Component C9 Capacitor
Add Class Member: Failed to add class member : Component C9 Capacitor
Add Class Member: Failed to add class member : Component C10 Capacitor
Add Class Member: Failed to add class member : Component C10 Capacitor
Add Class Member: Failed to add class member : Component C11 Capacitor
Add Class Member: Failed to add class member : Component C11 Capacitor
Add Class Member: Failed to add class member : Component C12 Capacitor
Add Class Member: Failed to add class member : Component C12 Capacitor
Add Class Member: Failed to add class member : Component C13 Capacitor
Add Class Member: Failed to add class member : Component C13 Capacitor
Add Class Member: Failed to add class member : Component C14 Capacitor
Add Class Member: Failed to add class member : Component C14 Capacitor
Add Class Member: Failed to add class member : Component C15 Capacitor
Add Class Member: Failed to add class member : Component C15 Capacitor
Add Class Member: Failed to add class member : Component C16 Capacitor
Add Class Member: Failed to add class member : Component C16 Capacitor
Add Class Member: Failed to add class member : Component C17 Capacitor
Add Class Member: Failed to add class member : Component C17 Capacitor
Add Class Member: Failed to add class member : Component C18 Capacitor
Add Class Member: Failed to add class member : Component C18 Capacitor
Add Class Member: Failed to add class member : Component C19 Capacitor
Add Class Member: Failed to add class member : Component C19 Capacitor
Add Class Member: Failed to add class member : Component C20 Capacitor
Add Class Member: Failed to add class member : Component C20 Capacitor
Add Class Member: Failed to add class member : Component C21 Capacitor
Add Class Member: Failed to add class member : Component C21 Capacitor
Add Class Member: Failed to add class member : Component C22 Capacitor
Add Class Member: Failed to add class member : Component C22 Capacitor
Add Class Member: Failed to add class member : Component C23 Capacitor
Add Class Member: Failed to add class member : Component C23 Capacitor
Add Class Member: Failed to add class member : Component C24 Capacitor
Add Class Member: Failed to add class member : Component C24 Capacitor
Add Class Member: Failed to add class member : Component C25 Capacitor
Add Class Member: Failed to add class member : Component C25 Capacitor
Add Class Member: Failed to add class member : Component C26 Capacitor
Add Class Member: Failed to add class member : Component C26 Capacitor
Add Class Member: Failed to add class member : Component C27 Capacitor
Add Class Member: Failed to add class member : Component C27 Capacitor
Add Class Member: Failed to add class member : Component C28 Capacitor
Add Class Member: Failed to add class member : Component C28 Capacitor
Add Class Member: Failed to add class member : Component D? Light-Emitting Diode
Add Class Member: Failed to add class member : Component D? Light-Emitting Diode
Add Class Member: Failed to add class member : Component D? Light-Emitting Diode
Add Class Member: Failed to add class member : Component D? Light-Emitting Diode
Add Class Member: Failed to add class member : Component R1 Resistor
Add Class Member: Failed to add class member : Component R1 Resistor
Add Class Member: Failed to add class member : Component R2 Resistor
Add Class Member: Failed to add class member : Component R2 Resistor
Add Class Member: Failed to add class member : Component R3 Resistor
Add Class Member: Failed to add class member : Component R3 Resistor
Add Class Member: Failed to add class member : Component R4 Resistor
Add Class Member: Failed to add class member : Component R4 Resistor
Add Class Member: Failed to add class member : Component R5 Resistor
Add Class Member: Failed to add class member : Component R5 Resistor
Add Class Member: Failed to add class member : Component R6 Resistor
Add Class Member: Failed to add class member : Component R6 Resistor
Add Class Member: Failed to add class member : Component R7 Resistor
Add Class Member: Failed to add class member : Component R7 Resistor
Add Class Member: Failed to add class member : Component R8 Resistor
Add Class Member: Failed to add class member : Component R8 Resistor
Add Class Member: Failed to add class member : Component R9 Resistor
Add Class Member: Failed to add class member : Component R9 Resistor
Add Class Member: Failed to add class member : Component S? Switch Normally Opened
Add Class Member: Failed to add class member : Component S? Switch Normally Opened
Add Class Member: Failed to add class member : Component U4 STM32441KxT
Add Class Member: Failed to add class member : Component U4 STM32441KxT
Add Class Member: Failed to add class member : Component U6 CM1223
Add Class Member: Failed to add class member : Component U6 CM1223
