Removed Pin From Net: NetName=M3_PWM Pin=M2-3
Removed Pin From Net: NetName=M3_DIR Pin=M2-4
Removed Pin From Net: NetName=THROWER_PWM Pin=M2-5
Removed Pin From Net: NetName=MCU_nSLEEP_ISOL Pin=M2-6
Removed Pin From Net: NetName=M3_PWM_Driver Pin=M2-11
Removed Pin From Net: NetName=M3_DIR_Driver Pin=M2-12
Removed Pin From Net: NetName=THROWER_PWM_OUT Pin=M2-13
Removed Pin From Net: NetName=nSLEEP_Driver Pin=M2-14
Add Pin To Net: Unknown Pin: Pin Battery 16V-1
Add Pin To Net: Unknown Pin: Pin Battery GND-1
Add Pin To Net: Unknown Pin: Pin M1_OUT1-1
Add Pin To Net: Unknown Pin: Pin M1_OUT2-1
Added Pin To Net: NetName=THROWER_PWM Pin=M2-3
Added Pin To Net: NetName=MCU_nSLEEP_ISOL Pin=M2-4
Added Pin To Net: NetName=M3_PWM Pin=M2-5
Added Pin To Net: NetName=M3_DIR Pin=M2-6
Added Pin To Net: NetName=THROWER_PWM_OUT Pin=M2-11
Added Pin To Net: NetName=nSLEEP_Driver Pin=M2-12
Added Pin To Net: NetName=M3_PWM_Driver Pin=M2-13
Added Pin To Net: NetName=M3_DIR_Driver Pin=M2-14
Add Pin To Net: Unknown Pin: Pin M2_OUT1-1
Add Pin To Net: Unknown Pin: Pin M2_OUT2-1
Add Pin To Net: Unknown Pin: Pin M3_OUT1-1
Add Pin To Net: Unknown Pin: Pin M3_OUT2-1
Add Pin To Net: Unknown Pin: Pin THROWER 16V-1
Add Pin To Net: Unknown Pin: Pin THROWER GND-1
