Add Component: Footprint Not Found TQFP80P890X890X160-32N
Add Pin To Net: Unknown Pin: Pin Battery 16V-1
Add Pin To Net: Unknown Pin: Pin Battery GND-1
Add Pin To Net: Unknown Pin: Pin M1_OUT1-1
Add Pin To Net: Unknown Pin: Pin M1_OUT2-1
Add Pin To Net: Unknown Pin: Pin M2_OUT1-1
Add Pin To Net: Unknown Pin: Pin M2_OUT2-1
Add Pin To Net: Unknown Pin: Pin M3_OUT1-1
Add Pin To Net: Unknown Pin: Pin M3_OUT2-1
Add Pin To Net: Unknown Pin: Pin U-1
Add Pin To Net: Unknown Pin: Pin U-2
Add Pin To Net: Unknown Pin: Pin U-4
Add Pin To Net: Unknown Pin: Pin U-5
Add Pin To Net: Unknown Pin: Pin U-6
Add Pin To Net: Unknown Pin: Pin U-7
Add Pin To Net: Unknown Pin: Pin U-8
Add Pin To Net: Unknown Pin: Pin U-9
Add Pin To Net: Unknown Pin: Pin U-10
Add Pin To Net: Unknown Pin: Pin U-11
Add Pin To Net: Unknown Pin: Pin U-12
Add Pin To Net: Unknown Pin: Pin U-14
Add Pin To Net: Unknown Pin: Pin U-15
Add Pin To Net: Unknown Pin: Pin U-16
Add Pin To Net: Unknown Pin: Pin U-17
Add Pin To Net: Unknown Pin: Pin U-18
Add Pin To Net: Unknown Pin: Pin U-19
Add Pin To Net: Unknown Pin: Pin U-21
Add Pin To Net: Unknown Pin: Pin U-22
Add Pin To Net: Unknown Pin: Pin U-23
Add Pin To Net: Unknown Pin: Pin U-24
Add Pin To Net: Unknown Pin: Pin U-27
Add Pin To Net: Unknown Pin: Pin U-28
Add Pin To Net: Unknown Pin: Pin U-29
Add Pin To Net: Unknown Pin: Pin U-30
Add Pin To Net: Unknown Pin: Pin U-32
Add Class Member: Failed to add class member : Component Battery 16V soldering pad
Add Class Member: Failed to add class member : Component Battery GND soldering pad
Add Class Member: Failed to add class member : Component M1_OUT1 soldering pad
Add Class Member: Failed to add class member : Component M1_OUT2 soldering pad
Add Class Member: Failed to add class member : Component M2_OUT1 soldering pad
Add Class Member: Failed to add class member : Component M2_OUT2 soldering pad
Add Class Member: Failed to add class member : Component M3_OUT1 soldering pad
Add Class Member: Failed to add class member : Component M3_OUT2 soldering pad
Add Class Member: Failed to add class member : Component U STM32441KxT
