Added Component: Designator=Battery 16V(PCBComponent_1)
Added Component: Designator=Battery GND(PCBComponent_1)
Added Component: Designator=M1_OUT1(PCBComponent_1)
Added Component: Designator=M1_OUT2(PCBComponent_1)
Added Component: Designator=M2_OUT1(PCBComponent_1)
Added Component: Designator=M2_OUT2(PCBComponent_1)
Added Component: Designator=M3_OUT1(PCBComponent_1)
Added Component: Designator=M3_OUT2(PCBComponent_1)
Add Pin To Net: Unknown Pin: Pin Battery 16V-1
Add Pin To Net: Unknown Pin: Pin Battery GND-1
Add Pin To Net: Unknown Pin: Pin M1_OUT1-1
Add Pin To Net: Unknown Pin: Pin M1_OUT2-1
Add Pin To Net: Unknown Pin: Pin M2_OUT1-1
Add Pin To Net: Unknown Pin: Pin M2_OUT2-1
Add Pin To Net: Unknown Pin: Pin M3_OUT1-1
Add Pin To Net: Unknown Pin: Pin M3_OUT2-1
Add Pin To Net: Unknown Pin: Pin THROWER 16V-1
Add Pin To Net: Unknown Pin: Pin THROWER GND-1
Added Member To Class: ClassName=picr22RobodendronMainboard Member=Component Battery 16V soldering pad
Added Member To Class: ClassName=picr22RobodendronMainboard Member=Component Battery GND soldering pad
Added Member To Class: ClassName=picr22RobodendronMainboard Member=Component M1_OUT1 soldering pad
Added Member To Class: ClassName=picr22RobodendronMainboard Member=Component M1_OUT2 soldering pad
Added Member To Class: ClassName=picr22RobodendronMainboard Member=Component M2_OUT1 soldering pad
Added Member To Class: ClassName=picr22RobodendronMainboard Member=Component M2_OUT2 soldering pad
Added Member To Class: ClassName=picr22RobodendronMainboard Member=Component M3_OUT1 soldering pad
Added Member To Class: ClassName=picr22RobodendronMainboard Member=Component M3_OUT2 soldering pad
